<?xml version="1.0" encoding="UTF-8"?>
<!-- Generated by org.testng.reporters.JUnitReportReporter -->
<testsuite hostname="DESKTOP-15SKAOS" name="com.ProductTests.MenupageTest" tests="1" failures="0" timestamp="10 Jul 2020 03:06:13 GMT" time="0.212" errors="0">
  <testcase name="validateAboutus" time="0.212" classname="com.ProductTests.MenupageTest"/>
</testsuite> <!-- com.ProductTests.MenupageTest -->
