<?xml version="1.0" encoding="UTF-8"?>
<!-- Generated by org.testng.reporters.JUnitReportReporter -->
<testsuite hostname="DESKTOP-15SKAOS" name="com.ProductTests.MenupageTest" tests="1" failures="0" timestamp="16 Jul 2020 11:43:54 GMT" time="0.199" errors="0">
  <testcase name="validateAboutus" time="0.199" classname="com.ProductTests.MenupageTest"/>
</testsuite> <!-- com.ProductTests.MenupageTest -->
